{"D:\\Development\\Projects\\Web\\SebGND-Photography\\new-back-end\\src\\main.ts": {"path":"D:\\Development\\Projects\\Web\\SebGND-Photography\\new-back-end\\src\\main.ts","statementMap":{"0":{"start":{"line":1,"column":0},"end":{"line":1,"column":43}},"1":{"start":{"line":2,"column":0},"end":{"line":2,"column":65}},"2":{"start":{"line":4,"column":0},"end":{"line":4,"column":44}},"3":{"start":{"line":7,"column":13},"end":{"line":7,"column":48}},"4":{"start":{"line":8,"column":16},"end":{"line":11,"column":10}},"5":{"start":{"line":12,"column":18},"end":{"line":12,"column":59}},"6":{"start":{"line":14,"column":1},"end":{"line":14,"column":43}},"7":{"start":{"line":16,"column":1},"end":{"line":16,"column":24}},"8":{"start":{"line":19,"column":0},"end":{"line":19,"column":12}}},"fnMap":{"0":{"name":"bootstrap","decl":{"start":{"line":6,"column":15},"end":{"line":6,"column":24}},"loc":{"start":{"line":6,"column":24},"end":{"line":17,"column":1}}}},"branchMap":{},"s":{"0":0,"1":0,"2":0,"3":0,"4":0,"5":0,"6":0,"7":0,"8":0},"f":{"0":0},"b":{}}
,"D:\\Development\\Projects\\Web\\SebGND-Photography\\new-back-end\\src\\app\\app.module.ts": {"path":"D:\\Development\\Projects\\Web\\SebGND-Photography\\new-back-end\\src\\app\\app.module.ts","statementMap":{"0":{"start":{"line":1,"column":0},"end":{"line":1,"column":40}},"1":{"start":{"line":2,"column":0},"end":{"line":2,"column":46}},"2":{"start":{"line":3,"column":0},"end":{"line":3,"column":48}},"3":{"start":{"line":4,"column":0},"end":{"line":4,"column":47}},"4":{"start":{"line":6,"column":0},"end":{"line":6,"column":68}},"5":{"start":{"line":23,"column":0},"end":{"line":23,"column":null}},"6":{"start":{"line":23,"column":13},"end":{"line":23,"column":null}},"7":{"start":{"line":12,"column":4},"end":{"line":14,"column":7}},"8":{"start":{"line":23,"column":13},"end":{"line":23,"column":22}}},"fnMap":{"0":{"name":"(anonymous_1)","decl":{"start":{"line":11,"column":15},"end":{"line":11,"column":20}},"loc":{"start":{"line":11,"column":26},"end":{"line":15,"column":4}}}},"branchMap":{},"s":{"0":0,"1":0,"2":0,"3":0,"4":0,"5":0,"6":0,"7":0,"8":0},"f":{"0":0},"b":{}}
,"D:\\Development\\Projects\\Web\\SebGND-Photography\\new-back-end\\src\\common\\helpers\\database\\index.ts": {"path":"D:\\Development\\Projects\\Web\\SebGND-Photography\\new-back-end\\src\\common\\helpers\\database\\index.ts","statementMap":{"0":{"start":{"line":1,"column":0},"end":{"line":1,"column":9}},"1":{"start":{"line":3,"column":9},"end":{"line":1,"column":32}}},"fnMap":{"0":{"name":"(anonymous_0)","decl":{"start":{"line":3,"column":9},"end":{"line":3,"column":14}},"loc":{"start":{"line":3,"column":9},"end":{"line":1,"column":32}}}},"branchMap":{},"s":{"0":3,"1":15},"f":{"0":12},"b":{}}
,"D:\\Development\\Projects\\Web\\SebGND-Photography\\new-back-end\\src\\common\\helpers\\database\\table.ts": {"path":"D:\\Development\\Projects\\Web\\SebGND-Photography\\new-back-end\\src\\common\\helpers\\database\\table.ts","statementMap":{"0":{"start":{"line":1,"column":0},"end":{"line":1,"column":null}},"1":{"start":{"line":9,"column":1},"end":{"line":9,"column":null}},"2":{"start":{"line":12,"column":1},"end":{"line":12,"column":null}},"3":{"start":{"line":15,"column":1},"end":{"line":15,"column":null}},"4":{"start":{"line":7,"column":0},"end":{"line":7,"column":22}}},"fnMap":{},"branchMap":{},"s":{"0":3,"1":3,"2":3,"3":3,"4":3},"f":{},"b":{}}
,"D:\\Development\\Projects\\Web\\SebGND-Photography\\new-back-end\\src\\models\\camera\\camera.entity.ts": {"path":"D:\\Development\\Projects\\Web\\SebGND-Photography\\new-back-end\\src\\models\\camera\\camera.entity.ts","statementMap":{"0":{"start":{"line":1,"column":0},"end":{"line":1,"column":52}},"1":{"start":{"line":2,"column":0},"end":{"line":2,"column":54}},"2":{"start":{"line":4,"column":0},"end":{"line":4,"column":46}},"3":{"start":{"line":7,"column":0},"end":{"line":13,"column":null}},"4":{"start":{"line":9,"column":1},"end":{"line":9,"column":null}},"5":{"start":{"line":12,"column":1},"end":{"line":12,"column":null}},"6":{"start":{"line":11,"column":18},"end":{"line":11,"column":23}},"7":{"start":{"line":11,"column":36},"end":{"line":11,"column":48}},"8":{"start":{"line":7,"column":13},"end":{"line":13,"column":null}},"9":{"start":{"line":7,"column":13},"end":{"line":7,"column":19}}},"fnMap":{"0":{"name":"(anonymous_2)","decl":{"start":{"line":11,"column":12},"end":{"line":11,"column":15}},"loc":{"start":{"line":11,"column":18},"end":{"line":11,"column":23}}},"1":{"name":"(anonymous_3)","decl":{"start":{"line":11,"column":25},"end":{"line":11,"column":26}},"loc":{"start":{"line":11,"column":36},"end":{"line":11,"column":48}}}},"branchMap":{},"s":{"0":3,"1":3,"2":3,"3":3,"4":3,"5":3,"6":0,"7":0,"8":3,"9":3},"f":{"0":0,"1":0},"b":{}}
,"D:\\Development\\Projects\\Web\\SebGND-Photography\\new-back-end\\src\\models\\category\\category.controller.ts": {"path":"D:\\Development\\Projects\\Web\\SebGND-Photography\\new-back-end\\src\\models\\category\\category.controller.ts","statementMap":{"0":{"start":{"line":1,"column":0},"end":{"line":1,"column":null}},"1":{"start":{"line":11,"column":0},"end":{"line":11,"column":null}},"2":{"start":{"line":19,"column":0},"end":{"line":19,"column":53}},"3":{"start":{"line":20,"column":0},"end":{"line":20,"column":51}},"4":{"start":{"line":24,"column":0},"end":{"line":69,"column":null}},"5":{"start":{"line":25,"column":21},"end":{"line":25,"column":38}},"6":{"start":{"line":36,"column":19},"end":{"line":36,"column":53}},"7":{"start":{"line":38,"column":2},"end":{"line":40,"column":null}},"8":{"start":{"line":39,"column":3},"end":{"line":39,"column":33}},"9":{"start":{"line":42,"column":2},"end":{"line":42,"column":18}},"10":{"start":{"line":51,"column":21},"end":{"line":51,"column":56}},"11":{"start":{"line":53,"column":2},"end":{"line":53,"column":20}},"12":{"start":{"line":64,"column":19},"end":{"line":64,"column":36}},"13":{"start":{"line":65,"column":19},"end":{"line":65,"column":58}},"14":{"start":{"line":67,"column":2},"end":{"line":67,"column":18}},"15":{"start":{"line":35,"column":1},"end":{"line":43,"column":null}},"16":{"start":{"line":50,"column":1},"end":{"line":54,"column":null}},"17":{"start":{"line":61,"column":1},"end":{"line":68,"column":null}},"18":{"start":{"line":24,"column":13},"end":{"line":69,"column":null}},"19":{"start":{"line":24,"column":13},"end":{"line":24,"column":31}}},"fnMap":{"0":{"name":"(anonymous_4)","decl":{"start":{"line":25,"column":1},"end":{"line":25,"column":21}},"loc":{"start":{"line":25,"column":53},"end":{"line":25,"column":57}}},"1":{"name":"(anonymous_5)","decl":{"start":{"line":35,"column":1},"end":{"line":35,"column":6}},"loc":{"start":{"line":35,"column":34},"end":{"line":43,"column":2}}},"2":{"name":"(anonymous_6)","decl":{"start":{"line":50,"column":1},"end":{"line":50,"column":6}},"loc":{"start":{"line":50,"column":13},"end":{"line":54,"column":2}}},"3":{"name":"(anonymous_7)","decl":{"start":{"line":61,"column":1},"end":{"line":61,"column":6}},"loc":{"start":{"line":62,"column":46},"end":{"line":68,"column":2}}}},"branchMap":{"0":{"loc":{"start":{"line":38,"column":2},"end":{"line":40,"column":null}},"type":"if","locations":[{"start":{"line":38,"column":2},"end":{"line":40,"column":null}},{"start":{"line":38,"column":2},"end":{"line":40,"column":null}}]}},"s":{"0":3,"1":3,"2":3,"3":3,"4":3,"5":5,"6":4,"7":4,"8":2,"9":2,"10":2,"11":2,"12":2,"13":2,"14":2,"15":3,"16":3,"17":3,"18":3,"19":3},"f":{"0":5,"1":4,"2":2,"3":2},"b":{"0":[2,2]}}
,"D:\\Development\\Projects\\Web\\SebGND-Photography\\new-back-end\\src\\models\\category\\category.dto.ts": {"path":"D:\\Development\\Projects\\Web\\SebGND-Photography\\new-back-end\\src\\models\\category\\category.dto.ts","statementMap":{"0":{"start":{"line":1,"column":0},"end":{"line":1,"column":46}},"1":{"start":{"line":5,"column":1},"end":{"line":5,"column":null}},"2":{"start":{"line":3,"column":0},"end":{"line":3,"column":13}}},"fnMap":{},"branchMap":{},"s":{"0":3,"1":3,"2":3},"f":{},"b":{}}
,"D:\\Development\\Projects\\Web\\SebGND-Photography\\new-back-end\\src\\models\\category\\category.entity.ts": {"path":"D:\\Development\\Projects\\Web\\SebGND-Photography\\new-back-end\\src\\models\\category\\category.entity.ts","statementMap":{"0":{"start":{"line":1,"column":0},"end":{"line":1,"column":52}},"1":{"start":{"line":2,"column":0},"end":{"line":2,"column":54}},"2":{"start":{"line":4,"column":0},"end":{"line":4,"column":46}},"3":{"start":{"line":7,"column":0},"end":{"line":16,"column":null}},"4":{"start":{"line":9,"column":1},"end":{"line":9,"column":null}},"5":{"start":{"line":12,"column":1},"end":{"line":12,"column":null}},"6":{"start":{"line":15,"column":1},"end":{"line":15,"column":null}},"7":{"start":{"line":14,"column":18},"end":{"line":14,"column":23}},"8":{"start":{"line":14,"column":36},"end":{"line":14,"column":50}},"9":{"start":{"line":7,"column":13},"end":{"line":16,"column":null}},"10":{"start":{"line":7,"column":13},"end":{"line":7,"column":21}}},"fnMap":{"0":{"name":"(anonymous_2)","decl":{"start":{"line":14,"column":12},"end":{"line":14,"column":15}},"loc":{"start":{"line":14,"column":18},"end":{"line":14,"column":23}}},"1":{"name":"(anonymous_3)","decl":{"start":{"line":14,"column":25},"end":{"line":14,"column":26}},"loc":{"start":{"line":14,"column":36},"end":{"line":14,"column":50}}}},"branchMap":{},"s":{"0":3,"1":3,"2":3,"3":3,"4":3,"5":3,"6":3,"7":0,"8":0,"9":3,"10":3},"f":{"0":0,"1":0},"b":{}}
,"D:\\Development\\Projects\\Web\\SebGND-Photography\\new-back-end\\src\\models\\category\\category.module.ts": {"path":"D:\\Development\\Projects\\Web\\SebGND-Photography\\new-back-end\\src\\models\\category\\category.module.ts","statementMap":{"0":{"start":{"line":1,"column":0},"end":{"line":1,"column":40}},"1":{"start":{"line":2,"column":0},"end":{"line":2,"column":48}},"2":{"start":{"line":4,"column":0},"end":{"line":4,"column":59}},"3":{"start":{"line":5,"column":0},"end":{"line":5,"column":53}},"4":{"start":{"line":6,"column":0},"end":{"line":6,"column":45}},"5":{"start":{"line":13,"column":0},"end":{"line":13,"column":null}},"6":{"start":{"line":13,"column":13},"end":{"line":13,"column":null}},"7":{"start":{"line":13,"column":13},"end":{"line":13,"column":27}}},"fnMap":{},"branchMap":{},"s":{"0":3,"1":3,"2":3,"3":3,"4":3,"5":3,"6":3,"7":3},"f":{},"b":{}}
,"D:\\Development\\Projects\\Web\\SebGND-Photography\\new-back-end\\src\\models\\category\\category.service.ts": {"path":"D:\\Development\\Projects\\Web\\SebGND-Photography\\new-back-end\\src\\models\\category\\category.service.ts","statementMap":{"0":{"start":{"line":1,"column":0},"end":{"line":1,"column":44}},"1":{"start":{"line":2,"column":0},"end":{"line":2,"column":69}},"2":{"start":{"line":3,"column":0},"end":{"line":3,"column":49}},"3":{"start":{"line":5,"column":0},"end":{"line":5,"column":45}},"4":{"start":{"line":8,"column":0},"end":{"line":39,"column":null}},"5":{"start":{"line":11,"column":10},"end":{"line":11,"column":30}},"6":{"start":{"line":14,"column":10},"end":{"line":14,"column":22}},"7":{"start":{"line":18,"column":2},"end":{"line":18,"column":51}},"8":{"start":{"line":22,"column":2},"end":{"line":22,"column":46}},"9":{"start":{"line":26,"column":21},"end":{"line":26,"column":57}},"10":{"start":{"line":27,"column":29},"end":{"line":30,"column":4}},"11":{"start":{"line":31,"column":26},"end":{"line":34,"column":null}},"12":{"start":{"line":33,"column":4},"end":{"line":33,"column":40}},"13":{"start":{"line":37,"column":2},"end":{"line":37,"column":25}},"14":{"start":{"line":8,"column":13},"end":{"line":39,"column":null}},"15":{"start":{"line":8,"column":13},"end":{"line":8,"column":28}}},"fnMap":{"0":{"name":"(anonymous_4)","decl":{"start":{"line":9,"column":1},"end":{"line":9,"column":null}},"loc":{"start":{"line":14,"column":32},"end":{"line":15,"column":5}}},"1":{"name":"(anonymous_5)","decl":{"start":{"line":17,"column":1},"end":{"line":17,"column":6}},"loc":{"start":{"line":17,"column":21},"end":{"line":19,"column":2}}},"2":{"name":"(anonymous_6)","decl":{"start":{"line":21,"column":1},"end":{"line":21,"column":6}},"loc":{"start":{"line":21,"column":13},"end":{"line":23,"column":2}}},"3":{"name":"(anonymous_7)","decl":{"start":{"line":25,"column":1},"end":{"line":25,"column":6}},"loc":{"start":{"line":25,"column":26},"end":{"line":38,"column":2}}},"4":{"name":"(anonymous_8)","decl":{"start":{"line":32,"column":3},"end":{"line":32,"column":8}},"loc":{"start":{"line":32,"column":21},"end":{"line":34,"column":4}}}},"branchMap":{},"s":{"0":3,"1":3,"2":3,"3":3,"4":3,"5":3,"6":3,"7":1,"8":1,"9":1,"10":1,"11":1,"12":1,"13":1,"14":3,"15":3},"f":{"0":3,"1":1,"2":1,"3":1,"4":1},"b":{}}
,"D:\\Development\\Projects\\Web\\SebGND-Photography\\new-back-end\\src\\models\\category\\index.ts": {"path":"D:\\Development\\Projects\\Web\\SebGND-Photography\\new-back-end\\src\\models\\category\\index.ts","statementMap":{"0":{"start":{"line":1,"column":0},"end":{"line":1,"column":9}},"1":{"start":{"line":9,"column":1},"end":{"line":1,"column":59}},"2":{"start":{"line":2,"column":0},"end":{"line":2,"column":9}},"3":{"start":{"line":11,"column":1},"end":{"line":2,"column":51}},"4":{"start":{"line":3,"column":0},"end":{"line":3,"column":9}},"5":{"start":{"line":10,"column":1},"end":{"line":3,"column":53}},"6":{"start":{"line":4,"column":0},"end":{"line":4,"column":9}},"7":{"start":{"line":12,"column":1},"end":{"line":4,"column":51}},"8":{"start":{"line":5,"column":0},"end":{"line":5,"column":9}},"9":{"start":{"line":8,"column":1},"end":{"line":5,"column":45}}},"fnMap":{"0":{"name":"(anonymous_0)","decl":{"start":{"line":9,"column":1},"end":{"line":9,"column":19}},"loc":{"start":{"line":9,"column":1},"end":{"line":1,"column":59}}},"1":{"name":"(anonymous_1)","decl":{"start":{"line":11,"column":1},"end":{"line":11,"column":18}},"loc":{"start":{"line":11,"column":1},"end":{"line":2,"column":51}}},"2":{"name":"(anonymous_2)","decl":{"start":{"line":10,"column":1},"end":{"line":10,"column":16}},"loc":{"start":{"line":10,"column":1},"end":{"line":3,"column":53}}},"3":{"name":"(anonymous_3)","decl":{"start":{"line":12,"column":1},"end":{"line":12,"column":15}},"loc":{"start":{"line":12,"column":1},"end":{"line":4,"column":51}}},"4":{"name":"(anonymous_4)","decl":{"start":{"line":8,"column":1},"end":{"line":8,"column":9}},"loc":{"start":{"line":8,"column":1},"end":{"line":5,"column":45}}}},"branchMap":{},"s":{"0":3,"1":11,"2":3,"3":4,"4":3,"5":18,"6":3,"7":4,"8":3,"9":10},"f":{"0":8,"1":1,"2":15,"3":1,"4":7},"b":{}}
,"D:\\Development\\Projects\\Web\\SebGND-Photography\\new-back-end\\src\\models\\image\\image.entity.ts": {"path":"D:\\Development\\Projects\\Web\\SebGND-Photography\\new-back-end\\src\\models\\image\\image.entity.ts","statementMap":{"0":{"start":{"line":1,"column":0},"end":{"line":1,"column":52}},"1":{"start":{"line":2,"column":0},"end":{"line":2,"column":54}},"2":{"start":{"line":4,"column":0},"end":{"line":4,"column":55}},"3":{"start":{"line":5,"column":0},"end":{"line":5,"column":49}},"4":{"start":{"line":6,"column":0},"end":{"line":6,"column":46}},"5":{"start":{"line":9,"column":0},"end":{"line":39,"column":null}},"6":{"start":{"line":11,"column":1},"end":{"line":11,"column":null}},"7":{"start":{"line":14,"column":1},"end":{"line":14,"column":null}},"8":{"start":{"line":17,"column":1},"end":{"line":17,"column":null}},"9":{"start":{"line":20,"column":1},"end":{"line":20,"column":null}},"10":{"start":{"line":23,"column":1},"end":{"line":23,"column":null}},"11":{"start":{"line":26,"column":1},"end":{"line":26,"column":null}},"12":{"start":{"line":29,"column":1},"end":{"line":29,"column":null}},"13":{"start":{"line":32,"column":1},"end":{"line":32,"column":null}},"14":{"start":{"line":31,"column":18},"end":{"line":31,"column":26}},"15":{"start":{"line":31,"column":42},"end":{"line":31,"column":57}},"16":{"start":{"line":35,"column":1},"end":{"line":35,"column":null}},"17":{"start":{"line":34,"column":18},"end":{"line":34,"column":24}},"18":{"start":{"line":34,"column":38},"end":{"line":34,"column":51}},"19":{"start":{"line":38,"column":1},"end":{"line":38,"column":null}},"20":{"start":{"line":37,"column":18},"end":{"line":37,"column":23}},"21":{"start":{"line":37,"column":36},"end":{"line":37,"column":48}},"22":{"start":{"line":9,"column":13},"end":{"line":39,"column":null}},"23":{"start":{"line":9,"column":13},"end":{"line":9,"column":18}}},"fnMap":{"0":{"name":"(anonymous_2)","decl":{"start":{"line":31,"column":12},"end":{"line":31,"column":15}},"loc":{"start":{"line":31,"column":18},"end":{"line":31,"column":26}}},"1":{"name":"(anonymous_3)","decl":{"start":{"line":31,"column":28},"end":{"line":31,"column":29}},"loc":{"start":{"line":31,"column":42},"end":{"line":31,"column":57}}},"2":{"name":"(anonymous_4)","decl":{"start":{"line":34,"column":12},"end":{"line":34,"column":15}},"loc":{"start":{"line":34,"column":18},"end":{"line":34,"column":24}}},"3":{"name":"(anonymous_5)","decl":{"start":{"line":34,"column":26},"end":{"line":34,"column":27}},"loc":{"start":{"line":34,"column":38},"end":{"line":34,"column":51}}},"4":{"name":"(anonymous_6)","decl":{"start":{"line":37,"column":12},"end":{"line":37,"column":15}},"loc":{"start":{"line":37,"column":18},"end":{"line":37,"column":23}}},"5":{"name":"(anonymous_7)","decl":{"start":{"line":37,"column":25},"end":{"line":37,"column":26}},"loc":{"start":{"line":37,"column":36},"end":{"line":37,"column":48}}}},"branchMap":{},"s":{"0":3,"1":3,"2":3,"3":3,"4":3,"5":3,"6":3,"7":3,"8":3,"9":3,"10":3,"11":3,"12":3,"13":3,"14":0,"15":0,"16":3,"17":0,"18":0,"19":3,"20":0,"21":0,"22":3,"23":3},"f":{"0":0,"1":0,"2":0,"3":0,"4":0,"5":0},"b":{}}
,"D:\\Development\\Projects\\Web\\SebGND-Photography\\new-back-end\\src\\models\\lense\\lense.entity.ts": {"path":"D:\\Development\\Projects\\Web\\SebGND-Photography\\new-back-end\\src\\models\\lense\\lense.entity.ts","statementMap":{"0":{"start":{"line":1,"column":0},"end":{"line":1,"column":52}},"1":{"start":{"line":2,"column":0},"end":{"line":2,"column":54}},"2":{"start":{"line":4,"column":0},"end":{"line":4,"column":46}},"3":{"start":{"line":7,"column":0},"end":{"line":13,"column":null}},"4":{"start":{"line":9,"column":1},"end":{"line":9,"column":null}},"5":{"start":{"line":12,"column":1},"end":{"line":12,"column":null}},"6":{"start":{"line":11,"column":18},"end":{"line":11,"column":23}},"7":{"start":{"line":11,"column":36},"end":{"line":11,"column":47}},"8":{"start":{"line":7,"column":13},"end":{"line":13,"column":null}},"9":{"start":{"line":7,"column":13},"end":{"line":7,"column":18}}},"fnMap":{"0":{"name":"(anonymous_2)","decl":{"start":{"line":11,"column":12},"end":{"line":11,"column":15}},"loc":{"start":{"line":11,"column":18},"end":{"line":11,"column":23}}},"1":{"name":"(anonymous_3)","decl":{"start":{"line":11,"column":25},"end":{"line":11,"column":26}},"loc":{"start":{"line":11,"column":36},"end":{"line":11,"column":47}}}},"branchMap":{},"s":{"0":3,"1":3,"2":3,"3":3,"4":3,"5":3,"6":0,"7":0,"8":3,"9":3},"f":{"0":0,"1":0},"b":{}}
}
