TN:
SF:src\main.ts
FN:6,bootstrap
FNF:1
FNH:0
FNDA:0,bootstrap
DA:1,0
DA:2,0
DA:4,0
DA:7,0
DA:8,0
DA:12,0
DA:14,0
DA:16,0
DA:19,0
LF:9
LH:0
BRF:0
BRH:0
end_of_record
TN:
SF:src\app\app.module.ts
FN:11,(anonymous_1)
FNF:1
FNH:0
FNDA:0,(anonymous_1)
DA:1,0
DA:2,0
DA:3,0
DA:4,0
DA:6,0
DA:12,0
DA:23,0
LF:7
LH:0
BRF:0
BRH:0
end_of_record
TN:
SF:src\common\helpers\database\index.ts
FN:3,(anonymous_0)
FNF:1
FNH:1
FNDA:12,(anonymous_0)
DA:1,3
DA:3,15
LF:2
LH:2
BRF:0
BRH:0
end_of_record
TN:
SF:src\common\helpers\database\table.ts
FNF:0
FNH:0
DA:1,3
DA:7,3
DA:9,3
DA:12,3
DA:15,3
LF:5
LH:5
BRF:0
BRH:0
end_of_record
TN:
SF:src\models\camera\camera.entity.ts
FN:11,(anonymous_2)
FN:11,(anonymous_3)
FNF:2
FNH:0
FNDA:0,(anonymous_2)
FNDA:0,(anonymous_3)
DA:1,3
DA:2,3
DA:4,3
DA:7,3
DA:9,3
DA:11,0
DA:12,3
LF:7
LH:6
BRF:0
BRH:0
end_of_record
TN:
SF:src\models\category\category.controller.ts
FN:25,(anonymous_4)
FN:35,(anonymous_5)
FN:50,(anonymous_6)
FN:61,(anonymous_7)
FNF:4
FNH:4
FNDA:5,(anonymous_4)
FNDA:4,(anonymous_5)
FNDA:2,(anonymous_6)
FNDA:2,(anonymous_7)
DA:1,3
DA:11,3
DA:19,3
DA:20,3
DA:24,3
DA:25,5
DA:35,3
DA:36,4
DA:38,4
DA:39,2
DA:42,2
DA:50,3
DA:51,2
DA:53,2
DA:61,3
DA:64,2
DA:65,2
DA:67,2
LF:18
LH:18
BRDA:38,0,0,2
BRDA:38,0,1,2
BRF:2
BRH:2
end_of_record
TN:
SF:src\models\category\category.dto.ts
FNF:0
FNH:0
DA:1,3
DA:3,3
DA:5,3
LF:3
LH:3
BRF:0
BRH:0
end_of_record
TN:
SF:src\models\category\category.entity.ts
FN:14,(anonymous_2)
FN:14,(anonymous_3)
FNF:2
FNH:0
FNDA:0,(anonymous_2)
FNDA:0,(anonymous_3)
DA:1,3
DA:2,3
DA:4,3
DA:7,3
DA:9,3
DA:12,3
DA:14,0
DA:15,3
LF:8
LH:7
BRF:0
BRH:0
end_of_record
TN:
SF:src\models\category\category.module.ts
FNF:0
FNH:0
DA:1,3
DA:2,3
DA:4,3
DA:5,3
DA:6,3
DA:13,3
LF:6
LH:6
BRF:0
BRH:0
end_of_record
TN:
SF:src\models\category\category.service.ts
FN:9,(anonymous_4)
FN:17,(anonymous_5)
FN:21,(anonymous_6)
FN:25,(anonymous_7)
FN:32,(anonymous_8)
FNF:5
FNH:5
FNDA:3,(anonymous_4)
FNDA:1,(anonymous_5)
FNDA:1,(anonymous_6)
FNDA:1,(anonymous_7)
FNDA:1,(anonymous_8)
DA:1,3
DA:2,3
DA:3,3
DA:5,3
DA:8,3
DA:11,3
DA:14,3
DA:18,1
DA:22,1
DA:26,1
DA:27,1
DA:31,1
DA:33,1
DA:37,1
LF:14
LH:14
BRF:0
BRH:0
end_of_record
TN:
SF:src\models\category\index.ts
FN:9,(anonymous_0)
FN:11,(anonymous_1)
FN:10,(anonymous_2)
FN:12,(anonymous_3)
FN:8,(anonymous_4)
FNF:5
FNH:5
FNDA:8,(anonymous_0)
FNDA:1,(anonymous_1)
FNDA:15,(anonymous_2)
FNDA:1,(anonymous_3)
FNDA:7,(anonymous_4)
DA:1,3
DA:2,3
DA:3,3
DA:4,3
DA:5,3
DA:8,10
DA:9,11
DA:10,18
DA:11,4
DA:12,4
LF:10
LH:10
BRF:0
BRH:0
end_of_record
TN:
SF:src\models\image\image.entity.ts
FN:31,(anonymous_2)
FN:31,(anonymous_3)
FN:34,(anonymous_4)
FN:34,(anonymous_5)
FN:37,(anonymous_6)
FN:37,(anonymous_7)
FNF:6
FNH:0
FNDA:0,(anonymous_2)
FNDA:0,(anonymous_3)
FNDA:0,(anonymous_4)
FNDA:0,(anonymous_5)
FNDA:0,(anonymous_6)
FNDA:0,(anonymous_7)
DA:1,3
DA:2,3
DA:4,3
DA:5,3
DA:6,3
DA:9,3
DA:11,3
DA:14,3
DA:17,3
DA:20,3
DA:23,3
DA:26,3
DA:29,3
DA:31,0
DA:32,3
DA:34,0
DA:35,3
DA:37,0
DA:38,3
LF:19
LH:16
BRF:0
BRH:0
end_of_record
TN:
SF:src\models\lense\lense.entity.ts
FN:11,(anonymous_2)
FN:11,(anonymous_3)
FNF:2
FNH:0
FNDA:0,(anonymous_2)
FNDA:0,(anonymous_3)
DA:1,3
DA:2,3
DA:4,3
DA:7,3
DA:9,3
DA:11,0
DA:12,3
LF:7
LH:6
BRF:0
BRH:0
end_of_record
